<?xml version="1.0" encoding="UTF-8"?>
<!-- Generated by org.testng.reporters.JUnitXMLReporter -->
<testsuite ignored="0" hostname="PSL-1T9GDN3" failures="1" tests="2" name="Test6" time="29.989" errors="0" timestamp="2022-10-10T10:45:19 IST">
  <testcase classname="com.test.MarketPlace_test" name="search" time="24.352"/>
  <testcase classname="com.test.MarketPlace_test" name="buy_function" time="0.0">
    <failure type="org.testng.TestNGException" message="
Cannot inject @Test annotated Method [buy_function] with [class java.lang.String, class java.lang.String].
For more information on native dependency injection please refer to https://testng.org/doc/documentation-main.html#native-dependency-injection">
      <![CDATA[org.testng.TestNGException: 
Cannot inject @Test annotated Method [buy_function] with [class java.lang.String, class java.lang.String].
For more information on native dependency injection please refer to https://testng.org/doc/documentation-main.html#native-dependency-injection
at java.base/java.util.ArrayList.forEach(ArrayList.java:1511)
... Removed 26 stack frames]]>
    </failure>
  </testcase> <!-- buy_function -->
</testsuite> <!-- Test6 -->
