<?xml version="1.0" encoding="UTF-8"?>
<!-- Generated by org.testng.reporters.JUnitXMLReporter -->
<testsuite ignored="0" hostname="PSL-1T9GDN3" failures="0" tests="3" name="Test1" time="118.238" errors="0" timestamp="2022-10-10T10:42:07 IST">
  <testcase classname="com.test.Register_test" name="RegisterValid" time="31.609"/>
  <testcase classname="com.test.Register_test" name="RegisterInValid" time="32.843"/>
  <testcase classname="com.test.Register_test" name="RegisterEmptyField" time="32.74"/>
</testsuite> <!-- Test1 -->
