<?xml version="1.0" encoding="UTF-8"?>
<!-- Generated by org.testng.reporters.JUnitXMLReporter -->
<testsuite ignored="0" hostname="PSL-1T9GDN3" failures="0" tests="6" name="Test7" time="212.09" errors="0" timestamp="2022-10-10T10:48:52 IST">
  <testcase classname="com.test.Resources_test" name="showcase" time="15.132"/>
  <testcase classname="com.test.Resources_test" name="contactUs" time="13.906"/>
  <testcase classname="com.test.Resources_test" name="partners" time="16.338"/>
  <testcase classname="com.test.Resources_test" name="Books" time="32.18"/>
  <testcase classname="com.test.Resources_test" name="git_bug_tracker" time="45.691"/>
  <testcase classname="com.test.Resources_test" name="forums" time="53.61"/>
</testsuite> <!-- Test7 -->
